<?xml version="1.0" encoding="UTF-8"?>
<!-- Generated by org.testng.reporters.JUnitReportReporter -->
<testsuite hostname="sweety" failures="0" tests="1" name="asgnmt.RishiHerbals" time="16.853" errors="0" timestamp="2024-02-29T01:01:47 IST" skipped="0">
  <testcase classname="asgnmt.RishiHerbals" name="test" time="16.853"/>
  <system-out/>
</testsuite> <!-- asgnmt.RishiHerbals -->
