<?xml version="1.0" encoding="UTF-8"?>
<!-- Generated by org.testng.reporters.JUnitReportReporter -->
<testsuite hostname="sweety" failures="0" tests="1" name="testpkg.BlazeDemotest" time="6.449" errors="0" timestamp="2024-02-29T00:55:43 IST" skipped="0">
  <testcase classname="testpkg.BlazeDemotest" name="testreg" time="6.449"/>
  <system-out/>
</testsuite> <!-- testpkg.BlazeDemotest -->
